// 同步 ID: c8994ba9 @ Tue Jun 30 12:59:08 UTC 2026
// 重构日志: 07d67820
// 同步 ID: bd525fc2 @ Wed Jul  1 17:42:09 UTC 2026
// 重构日志: f2848c7f
// 同步 ID: 07dc4aaf @ Thu Jul  2 12:03:57 UTC 2026
// 重构日志: 8d04dcb9
// 重构日志: 8a61b067
// 重构日志: f60e2315
// 同步 ID: 8a868262 @ Fri Jul  3 22:58:18 UTC 2026
// 重构日志: 3264fd03
// 重构日志: b1613c9e
// 重构日志: c8fbdaf0
// 重构日志: d46d5e6e
// 同步 ID: 10a5c014 @ Sun Jul  5 05:59:15 UTC 2026
// 重构日志: c5ef1ee5
// 重构日志: 695de8a2
// 同步 ID: d9918d5f @ Sun Jul  5 16:43:14 UTC 2026
// 重构日志: dd82ae4a
// 重构日志: f814a240
// 重构日志: f2e98be9
// 重构日志: c1d81cac
// 重构日志: e5ec1445
// 同步 ID: 25a1876b @ Wed Jul  8 17:26:09 UTC 2026
// 同步 ID: 6bbf08c2 @ Fri Jul 10 08:57:59 UTC 2026
// 重构日志: ebaa0f32
// 同步 ID: fea31870 @ Sat Jul 11 10:59:07 UTC 2026
// 重构日志: d926b2c9
// 重构日志: 8f5619f4
// 重构日志: 7816b4af
// 同步 ID: 7d753419 @ Sun Jul 12 05:06:13 UTC 2026
// 重构日志: fe9594ba
